0 info it worked if it ends with ok
1 verbose cli [ 'c:\\Program Files\\nodejs\\node.exe',
1 verbose cli   'c:\\Program Files\\nodejs\\node_modules\\npm\\bin\\npm-cli.js',
1 verbose cli   'install' ]
2 info using npm@2.11.2
3 info using node@v0.12.5
4 verbose readDependencies loading dependencies from d:\projects\sitemuse\package.json
5 verbose install where, deps [ 'd:\\projects\\sitemuse',
5 verbose install   [ 'async',
5 verbose install     'body-parser',
5 verbose install     'chokidar',
5 verbose install     'colors',
5 verbose install     'cookie-parser',
5 verbose install     'debug',
5 verbose install     'express',
5 verbose install     'grunt',
5 verbose install     'grunt-contrib-sass',
5 verbose install     'grunt-contrib-watch',
5 verbose install     'grunt-express-server',
5 verbose install     'jade',
5 verbose install     'lodash',
5 verbose install     'moment',
5 verbose install     'morgan',
5 verbose install     'serve-favicon',
5 verbose install     'swig',
5 verbose install     'twig' ] ]
6 verbose install where, peers [ 'd:\\projects\\sitemuse', [] ]
7 verbose installManyTop reading for lifecycle d:\projects\sitemuse\package.json
8 info preinstall sitemuse@0.0.1
9 verbose installManyTop reading scoped package data from d:\projects\sitemuse\node_modules\async\package.json
10 verbose installManyTop reading scoped package data from d:\projects\sitemuse\node_modules\body-parser\package.json
11 verbose installManyTop reading scoped package data from d:\projects\sitemuse\node_modules\chokidar\package.json
12 verbose installManyTop reading scoped package data from d:\projects\sitemuse\node_modules\colors\package.json
13 verbose installManyTop reading scoped package data from d:\projects\sitemuse\node_modules\cookie-parser\package.json
14 verbose installManyTop reading scoped package data from d:\projects\sitemuse\node_modules\debug\package.json
15 verbose installManyTop reading scoped package data from d:\projects\sitemuse\node_modules\express\package.json
16 verbose installManyTop reading scoped package data from d:\projects\sitemuse\node_modules\grunt\package.json
17 verbose installManyTop reading scoped package data from d:\projects\sitemuse\node_modules\grunt-contrib-sass\package.json
18 verbose installManyTop reading scoped package data from d:\projects\sitemuse\node_modules\grunt-contrib-watch\package.json
19 verbose installManyTop reading scoped package data from d:\projects\sitemuse\node_modules\grunt-express-server\package.json
20 verbose installManyTop reading scoped package data from d:\projects\sitemuse\node_modules\jade\package.json
21 verbose installManyTop reading scoped package data from d:\projects\sitemuse\node_modules\lodash\package.json
22 verbose installManyTop reading scoped package data from d:\projects\sitemuse\node_modules\moment\package.json
23 verbose installManyTop reading scoped package data from d:\projects\sitemuse\node_modules\morgan\package.json
24 verbose installManyTop reading scoped package data from d:\projects\sitemuse\node_modules\node\package.json
25 verbose installManyTop reading scoped package data from d:\projects\sitemuse\node_modules\node-sass\package.json
26 verbose installManyTop reading scoped package data from d:\projects\sitemuse\node_modules\saas\package.json
27 verbose installManyTop reading scoped package data from d:\projects\sitemuse\node_modules\serve-favicon\package.json
28 verbose installManyTop reading scoped package data from d:\projects\sitemuse\node_modules\swig\package.json
29 verbose installManyTop reading scoped package data from d:\projects\sitemuse\node_modules\twig\package.json
30 info package.json grunt@0.4.5 No license field.
31 info package.json grunt-contrib-sass@0.9.2 No license field.
32 info package.json grunt-contrib-watch@0.6.1 No license field.
33 info package.json grunt-express-server@0.5.1 No license field.
34 info package.json node@0.0.0 No description
35 info package.json node@0.0.0 No repository field.
36 info package.json node@0.0.0 No README data
37 info package.json node@0.0.0 No license field.
38 info package.json saas@1.0.0 No description
39 info package.json saas@1.0.0 No repository field.
40 info package.json saas@1.0.0 No README data
41 info package.json twig@0.8.2 No license field.
42 verbose readDependencies loading dependencies from d:\projects\sitemuse\package.json
43 verbose targetResolver reading package data from d:\projects\sitemuse\node_modules\async\package.json
44 verbose targetResolver reading package data from d:\projects\sitemuse\node_modules\body-parser\package.json
45 verbose targetResolver reading package data from d:\projects\sitemuse\node_modules\chokidar\package.json
46 verbose targetResolver reading package data from d:\projects\sitemuse\node_modules\colors\package.json
47 verbose targetResolver reading package data from d:\projects\sitemuse\node_modules\cookie-parser\package.json
48 verbose targetResolver reading package data from d:\projects\sitemuse\node_modules\debug\package.json
49 verbose targetResolver reading package data from d:\projects\sitemuse\node_modules\express\package.json
50 verbose targetResolver reading package data from d:\projects\sitemuse\node_modules\grunt\package.json
51 verbose targetResolver reading package data from d:\projects\sitemuse\node_modules\grunt-contrib-sass\package.json
52 verbose targetResolver reading package data from d:\projects\sitemuse\node_modules\grunt-contrib-watch\package.json
53 verbose targetResolver reading package data from d:\projects\sitemuse\node_modules\grunt-express-server\package.json
54 verbose targetResolver reading package data from d:\projects\sitemuse\node_modules\jade\package.json
55 verbose targetResolver reading package data from d:\projects\sitemuse\node_modules\lodash\package.json
56 verbose targetResolver reading package data from d:\projects\sitemuse\node_modules\moment\package.json
57 verbose targetResolver reading package data from d:\projects\sitemuse\node_modules\morgan\package.json
58 verbose targetResolver reading package data from d:\projects\sitemuse\node_modules\node\package.json
59 verbose targetResolver reading package data from d:\projects\sitemuse\node_modules\node-sass\package.json
60 verbose targetResolver reading package data from d:\projects\sitemuse\node_modules\saas\package.json
61 verbose targetResolver reading package data from d:\projects\sitemuse\node_modules\serve-favicon\package.json
62 verbose targetResolver reading package data from d:\projects\sitemuse\node_modules\swig\package.json
63 verbose targetResolver reading package data from d:\projects\sitemuse\node_modules\twig\package.json
64 verbose targetResolver reading package data from d:\projects\sitemuse\node_modules\.bin\jade\package.json
65 verbose targetResolver reading package data from d:\projects\sitemuse\node_modules\.bin\jade.cmd\package.json
66 verbose targetResolver reading package data from d:\projects\sitemuse\node_modules\.bin\node-sass\package.json
67 verbose targetResolver reading package data from d:\projects\sitemuse\node_modules\.bin\node-sass.cmd\package.json
68 verbose targetResolver reading package data from d:\projects\sitemuse\node_modules\.bin\swig\package.json
69 verbose targetResolver reading package data from d:\projects\sitemuse\node_modules\.bin\swig.cmd\package.json
70 verbose targetResolver reading package data from d:\projects\sitemuse\node_modules\.bin\twigjs\package.json
71 verbose targetResolver reading package data from d:\projects\sitemuse\node_modules\.bin\twigjs.cmd\package.json
72 verbose already installed skipping express@~4.13.0 d:\projects\sitemuse
73 verbose already installed skipping grunt@^0.4.5 d:\projects\sitemuse
74 verbose already installed skipping grunt-contrib-sass@^0.9.2 d:\projects\sitemuse
75 verbose already installed skipping grunt-contrib-watch@^0.6.1 d:\projects\sitemuse
76 verbose already installed skipping grunt-express-server@^0.5.1 d:\projects\sitemuse
77 verbose already installed skipping jade@~1.11.0 d:\projects\sitemuse
78 verbose already installed skipping lodash@^3.10.1 d:\projects\sitemuse
79 verbose already installed skipping moment@^2.10.6 d:\projects\sitemuse
80 verbose already installed skipping morgan@~1.6.1 d:\projects\sitemuse
81 verbose already installed skipping serve-favicon@~2.3.0 d:\projects\sitemuse
82 verbose already installed skipping swig@^1.4.2 d:\projects\sitemuse
83 verbose already installed skipping twig@^0.8.2 d:\projects\sitemuse
84 verbose already installed skipping async@^1.5.0 d:\projects\sitemuse
85 verbose already installed skipping body-parser@~1.13.1 d:\projects\sitemuse
86 verbose already installed skipping chokidar@^1.2.0 d:\projects\sitemuse
87 verbose already installed skipping colors@^1.1.2 d:\projects\sitemuse
88 verbose already installed skipping cookie-parser@~1.3.5 d:\projects\sitemuse
89 verbose already installed skipping debug@~2.2.0 d:\projects\sitemuse
90 silly install resolved []
91 info build d:\projects\sitemuse
92 info linkStuff sitemuse@0.0.1
93 silly linkStuff sitemuse@0.0.1 has d:\projects as its parent node_modules
94 verbose linkBins sitemuse@0.0.1
95 verbose linkMans sitemuse@0.0.1
96 verbose rebuildBundles sitemuse@0.0.1
97 verbose rebuildBundles [ '.bin',
97 verbose rebuildBundles   'async',
97 verbose rebuildBundles   'body-parser',
97 verbose rebuildBundles   'chokidar',
97 verbose rebuildBundles   'colors',
97 verbose rebuildBundles   'cookie-parser',
97 verbose rebuildBundles   'debug',
97 verbose rebuildBundles   'express',
97 verbose rebuildBundles   'grunt',
97 verbose rebuildBundles   'grunt-contrib-sass',
97 verbose rebuildBundles   'grunt-contrib-watch',
97 verbose rebuildBundles   'grunt-express-server',
97 verbose rebuildBundles   'jade',
97 verbose rebuildBundles   'lodash',
97 verbose rebuildBundles   'moment',
97 verbose rebuildBundles   'morgan',
97 verbose rebuildBundles   'node',
97 verbose rebuildBundles   'node-sass',
97 verbose rebuildBundles   'saas',
97 verbose rebuildBundles   'serve-favicon',
97 verbose rebuildBundles   'swig',
97 verbose rebuildBundles   'twig' ]
98 verbose rebuild bundle d:\projects\sitemuse\node_modules\node
99 info build d:\projects\sitemuse\node_modules\node
100 info preinstall node@0.0.0
101 info linkStuff node@0.0.0
102 silly linkStuff node@0.0.0 has d:\projects\sitemuse\node_modules as its parent node_modules
103 verbose linkBins node@0.0.0
104 verbose linkMans node@0.0.0
105 verbose rebuildBundles node@0.0.0
106 info install node@0.0.0
107 info postinstall node@0.0.0
108 verbose rebuild bundle d:\projects\sitemuse\node_modules\node-sass
109 info build d:\projects\sitemuse\node_modules\node-sass
110 info preinstall node-sass@3.4.1
111 info linkStuff node-sass@3.4.1
112 silly linkStuff node-sass@3.4.1 has d:\projects\sitemuse\node_modules as its parent node_modules
113 verbose linkBins node-sass@3.4.1
114 verbose link bins [ { 'node-sass': 'bin/node-sass' },
114 verbose link bins   'd:\\projects\\sitemuse\\node_modules\\.bin',
114 verbose link bins   false ]
115 verbose linkMans node-sass@3.4.1
116 verbose rebuildBundles node-sass@3.4.1
117 verbose rebuildBundles [ '.bin',
117 verbose rebuildBundles   'async-foreach',
117 verbose rebuildBundles   'chalk',
117 verbose rebuildBundles   'cross-spawn',
117 verbose rebuildBundles   'gaze',
117 verbose rebuildBundles   'get-stdin',
117 verbose rebuildBundles   'glob',
117 verbose rebuildBundles   'meow',
117 verbose rebuildBundles   'mkdirp',
117 verbose rebuildBundles   'nan',
117 verbose rebuildBundles   'node-gyp',
117 verbose rebuildBundles   'npmconf',
117 verbose rebuildBundles   'request',
117 verbose rebuildBundles   'sass-graph' ]
118 info install node-sass@3.4.1
119 verbose unsafe-perm in lifecycle true
120 info postinstall node-sass@3.4.1
121 verbose unsafe-perm in lifecycle true
122 info node-sass@3.4.1 Failed to exec postinstall script
123 verbose stack Error: node-sass@3.4.1 postinstall: `node scripts/build.js`
123 verbose stack Exit status 1
123 verbose stack     at EventEmitter.<anonymous> (c:\Program Files\nodejs\node_modules\npm\lib\utils\lifecycle.js:213:16)
123 verbose stack     at EventEmitter.emit (events.js:110:17)
123 verbose stack     at ChildProcess.<anonymous> (c:\Program Files\nodejs\node_modules\npm\lib\utils\spawn.js:24:14)
123 verbose stack     at ChildProcess.emit (events.js:110:17)
123 verbose stack     at maybeClose (child_process.js:1015:16)
123 verbose stack     at Process.ChildProcess._handle.onexit (child_process.js:1087:5)
124 verbose pkgid node-sass@3.4.1
125 verbose cwd d:\projects\sitemuse
126 error Windows_NT 6.3.9600
127 error argv "c:\\Program Files\\nodejs\\node.exe" "c:\\Program Files\\nodejs\\node_modules\\npm\\bin\\npm-cli.js" "install"
128 error node v0.12.5
129 error npm  v2.11.2
130 error code ELIFECYCLE
131 error node-sass@3.4.1 postinstall: `node scripts/build.js`
131 error Exit status 1
132 error Failed at the node-sass@3.4.1 postinstall script 'node scripts/build.js'.
132 error This is most likely a problem with the node-sass package,
132 error not with npm itself.
132 error Tell the author that this fails on your system:
132 error     node scripts/build.js
132 error You can get their info via:
132 error     npm owner ls node-sass
132 error There is likely additional logging output above.
133 verbose exit [ 1, true ]
